app/build/intermediates/manifest_merge_blame_file/debug/manifest-merger-blame-debug-report.txt
1<?xml version="1.0" encoding="utf-8"?>
2<manifest xmlns:android="http://schemas.android.com/apk/res/android"
3    package="com.example.test"
4    android:versionCode="300"
5    android:versionName="3.0.0" >
6
7    <uses-sdk
8        android:minSdkVersion="19"
8-->src/main/AndroidManifest.xml
9        android:targetSdkVersion="31" />
9-->src/main/AndroidManifest.xml
10
11    <uses-permission android:name="android.permission.BLUETOOTH" />
11-->src/main/AndroidManifest.xml:6:5-67
11-->src/main/AndroidManifest.xml:6:22-65
12    <uses-permission android:name="android.permission.BLUETOOTH_ADMIN" />
12-->src/main/AndroidManifest.xml:7:5-73
12-->src/main/AndroidManifest.xml:7:22-71
13
14    <permission android:name="android.permission.BLUETOOTH_PRIVILEGED" />
14-->src/main/AndroidManifest.xml:8:5-73
14-->src/main/AndroidManifest.xml:8:17-71
15
16    <uses-permission android:name="android.permission.BLUETOOTH_CONNECT" />
16-->src/main/AndroidManifest.xml:10:5-76
16-->src/main/AndroidManifest.xml:10:22-73
17    <uses-permission android:name="android.permission.BLUETOOTH_CONNECT" />
17-->src/main/AndroidManifest.xml:10:5-76
17-->src/main/AndroidManifest.xml:10:22-73
18    <uses-permission android:name="android.permission.BLUETOOTH_CONNECT" />
18-->src/main/AndroidManifest.xml:10:5-76
18-->src/main/AndroidManifest.xml:10:22-73
19    <uses-permission android:name="android.permission.INTERNET" />
19-->src/main/AndroidManifest.xml:13:5-66
19-->src/main/AndroidManifest.xml:13:22-64
20    <uses-permission android:name="android.permission.BLUETOOTH_ADMIN" />
20-->src/main/AndroidManifest.xml:7:5-73
20-->src/main/AndroidManifest.xml:7:22-71
21
22    <permission android:name="android.permission.BLUETOOTH_PRIVILEGED" />
22-->src/main/AndroidManifest.xml:8:5-73
22-->src/main/AndroidManifest.xml:8:17-71
23
24    <uses-permission android:name="android.permission.ACCESS_COARSE_LOCATION" />
24-->src/main/AndroidManifest.xml:17:5-80
24-->src/main/AndroidManifest.xml:17:22-78
25    <uses-permission android:name="android.permission.ACCESS_FINE_LOCATION" />
25-->src/main/AndroidManifest.xml:18:5-78
25-->src/main/AndroidManifest.xml:18:22-76
26    <uses-permission android:name="android.permission.WRITE_EXTERNAL_STORAGE" />
26-->src/main/AndroidManifest.xml:20:5-81
26-->src/main/AndroidManifest.xml:20:22-78
27
28    <permission android:name="android.permission.MOUNT_UNMOUNT_FILESYSTEMS" />
28-->src/main/AndroidManifest.xml:21:5-90
28-->src/main/AndroidManifest.xml:21:17-76
29
30    <uses-permission android:name="android.permission.READ_EXTERNAL_STORAGE" />
30-->src/main/AndroidManifest.xml:22:5-80
30-->src/main/AndroidManifest.xml:22:22-77
31
32    <!-- 用于进行网络定位 -->
33    <uses-permission android:name="android.permission.ACCESS_COARSE_LOCATION" />
33-->src/main/AndroidManifest.xml:17:5-80
33-->src/main/AndroidManifest.xml:17:22-78
34    <!-- 用于访问GPS定位 -->
35    <uses-permission android:name="android.permission.ACCESS_FINE_LOCATION" />
35-->src/main/AndroidManifest.xml:18:5-78
35-->src/main/AndroidManifest.xml:18:22-76
36    <!-- 用于获取运营商信息，用于支持提供运营商信息相关的接口 -->
37    <uses-permission android:name="android.permission.ACCESS_NETWORK_STATE" />
37-->src/main/AndroidManifest.xml:29:5-95
37-->src/main/AndroidManifest.xml:29:22-76
38    <!-- 用于访问wifi网络信息，wifi信息会用于进行网络定位 -->
39    <uses-permission android:name="android.permission.ACCESS_WIFI_STATE" />
39-->src/main/AndroidManifest.xml:31:5-92
39-->src/main/AndroidManifest.xml:31:22-73
40    <!-- 用于获取wifi的获取权限，wifi信息会用来进行网络定位 -->
41    <uses-permission android:name="android.permission.CHANGE_WIFI_STATE" />
41-->src/main/AndroidManifest.xml:33:5-92
41-->src/main/AndroidManifest.xml:33:22-73
42    <!-- 用于访问网络，网络定位需要上网 -->
43    <uses-permission android:name="android.permission.INTERNET" />
43-->src/main/AndroidManifest.xml:13:5-66
43-->src/main/AndroidManifest.xml:13:22-64
44    <!-- 用于读取手机当前的状态 -->
45    <uses-permission android:name="android.permission.READ_PHONE_STATE" />
45-->src/main/AndroidManifest.xml:37:5-91
45-->src/main/AndroidManifest.xml:37:22-72
46    <!-- 用于写入缓存数据到扩展存储卡 -->
47    <uses-permission android:name="android.permission.WRITE_EXTERNAL_STORAGE" />
47-->src/main/AndroidManifest.xml:20:5-81
47-->src/main/AndroidManifest.xml:20:22-78
48    <!-- 用于申请调用A-GPS模块 -->
49    <uses-permission android:name="android.permission.ACCESS_LOCATION_EXTRA_COMMANDS" />
49-->src/main/AndroidManifest.xml:41:5-105
49-->src/main/AndroidManifest.xml:41:22-86
50    <!-- 如果设置了target >= 28 如果需要启动后台定位则必须声明这个权限 -->
51    <uses-permission android:name="android.permission.FOREGROUND_SERVICE" />
51-->src/main/AndroidManifest.xml:43:5-76
51-->src/main/AndroidManifest.xml:43:22-74
52    <!-- 如果您的应用需要后台定位权限，且有可能运行在Android Q设备上,并且设置了target>28，必须增加这个权限声明 -->
53    <uses-permission android:name="android.permission.ACCESS_BACKGROUND_LOCATION" />
53-->src/main/AndroidManifest.xml:45:5-84
53-->src/main/AndroidManifest.xml:45:22-82
54
55    <application
55-->src/main/AndroidManifest.xml:47:5-70:19
56        android:allowBackup="true"
56-->src/main/AndroidManifest.xml:48:9-35
57        android:appComponentFactory="androidx.core.app.CoreComponentFactory"
57-->[androidx.core:core:1.0.0] AndroidManifest.xml:22:18-86
58        android:debuggable="true"
59        android:icon="@drawable/icon_apple"
59-->src/main/AndroidManifest.xml:49:9-44
60        android:label="@string/app_name"
60-->src/main/AndroidManifest.xml:50:9-41
61        android:testOnly="true"
62        android:theme="@style/AppTheme" >
62-->src/main/AndroidManifest.xml:51:9-40
63        <meta-data
63-->src/main/AndroidManifest.xml:52:9-54:63
64            android:name="com.amap.api.v2.apikey"
64-->src/main/AndroidManifest.xml:53:13-50
65            android:value="082463d587012413a1fc50e91f41afb2" />
65-->src/main/AndroidManifest.xml:54:13-61
66
67        <activity
67-->src/main/AndroidManifest.xml:56:9-63:20
68            android:name="com.example.test.SplashActivity"
68-->src/main/AndroidManifest.xml:56:19-49
69            android:exported="true"
69-->src/main/AndroidManifest.xml:58:19-42
70            android:label="@string/app_name" >
70-->src/main/AndroidManifest.xml:57:19-51
71            <intent-filter>
71-->src/main/AndroidManifest.xml:59:13-62:29
72                <action android:name="android.intent.action.MAIN" />
72-->src/main/AndroidManifest.xml:60:17-69
72-->src/main/AndroidManifest.xml:60:25-66
73
74                <category android:name="android.intent.category.LAUNCHER" />
74-->src/main/AndroidManifest.xml:61:17-77
74-->src/main/AndroidManifest.xml:61:27-74
75            </intent-filter>
76        </activity>
77        <activity android:name="com.example.test.BTClient" />
77-->src/main/AndroidManifest.xml:64:9-55
77-->src/main/AndroidManifest.xml:64:19-43
78        <activity
78-->src/main/AndroidManifest.xml:65:3-68:72
79            android:name="com.example.test.DeviceListActivity"
79-->src/main/AndroidManifest.xml:65:13-47
80            android:configChanges="orientation|keyboardHidden"
80-->src/main/AndroidManifest.xml:68:19-69
81            android:label="选取连接设备"
81-->src/main/AndroidManifest.xml:66:19-41
82            android:theme="@android:style/Theme.Dialog" />
82-->src/main/AndroidManifest.xml:67:19-62
83
84        <service android:name="com.amap.api.location.APSService" />
84-->src/main/AndroidManifest.xml:69:9-76
84-->src/main/AndroidManifest.xml:69:18-65
85    </application>
86
87</manifest>